<?xml version="1.0" encoding="UTF-8"?>
<testng-results ignored="0" total="1" passed="1" failed="0" skipped="0">
  <reporter-output>
  </reporter-output>
  <suite started-at="2024-02-02T06:21:15Z" name="Default suite" finished-at="2024-02-02T06:21:24Z" duration-ms="9735">
    <groups>
    </groups>
    <test started-at="2024-02-02T06:21:15Z" name="Default test" finished-at="2024-02-02T06:21:24Z" duration-ms="9735">
      <class name="com.sandeepkaur.pageTest.SearchPageTest">
        <test-method is-config="true" signature="launch()[pri:0, instance:com.sandeepkaur.pageTest.SearchPageTest@5c2375a9]" started-at="2024-02-02T06:21:15Z" name="launch" finished-at="2024-02-02T06:21:21Z" duration-ms="5949" status="PASS">
          <reporter-output>
          </reporter-output>
        </test-method> <!-- launch -->
        <test-method signature="validateSearchTermIsWorkingOrNot()[pri:0, instance:com.sandeepkaur.pageTest.SearchPageTest@5c2375a9]" started-at="2024-02-02T06:21:21Z" name="validateSearchTermIsWorkingOrNot" finished-at="2024-02-02T06:21:24Z" duration-ms="3311" status="PASS">
          <reporter-output>
          </reporter-output>
        </test-method> <!-- validateSearchTermIsWorkingOrNot -->
        <test-method is-config="true" signature="quitBrowser()[pri:0, instance:com.sandeepkaur.pageTest.SearchPageTest@5c2375a9]" started-at="2024-02-02T06:21:24Z" name="quitBrowser" finished-at="2024-02-02T06:21:24Z" duration-ms="417" status="PASS">
          <reporter-output>
          </reporter-output>
        </test-method> <!-- quitBrowser -->
      </class> <!-- com.sandeepkaur.pageTest.SearchPageTest -->
    </test> <!-- Default test -->
  </suite> <!-- Default suite -->
</testng-results>
